<html>
<head>
<title>TestNG:  vTigerTest</title>
<link href="../testng.css" rel="stylesheet" type="text/css" />
<link href="../my-testng.css" rel="stylesheet" type="text/css" />

<style type="text/css">
.log { display: none;} 
.stack-trace { display: none;} 
</style>
<script type="text/javascript">
<!--
function flip(e) {
  current = e.style.display;
  if (current == 'block') {
    e.style.display = 'none';
    return 0;
  }
  else {
    e.style.display = 'block';
    return 1;
  }
}

function toggleBox(szDivId, elem, msg1, msg2)
{
  var res = -1;  if (document.getElementById) {
    res = flip(document.getElementById(szDivId));
  }
  else if (document.all) {
    // this is the way old msie versions work
    res = flip(document.all[szDivId]);
  }
  if(elem) {
    if(res == 0) elem.innerHTML = msg1; else elem.innerHTML = msg2;
  }

}

function toggleAllBoxes() {
  if (document.getElementsByTagName) {
    d = document.getElementsByTagName('div');
    for (i = 0; i < d.length; i++) {
      if (d[i].className == 'log') {
        flip(d[i]);
      }
    }
  }
}

// -->
</script>

</head>
<body>
<h2 align='center'>vTigerTest</h2><table border='1' align="center">
<tr>
<td>Tests passed/Failed/Skipped:</td><td>8/3/0</td>
</tr><tr>
<td>Started on:</td><td>Mon May 20 17:51:46 IST 2019</td>
</tr>
<tr><td>Total time:</td><td>230 seconds (230351 ms)</td>
</tr><tr>
<td>Included groups:</td><td></td>
</tr><tr>
<td>Excluded groups:</td><td></td>
</tr>
</table><p/>
<small><i>(Hover the method name to see the test class name)</i></small><p/>
<table width='100%' border='1' class='invocation-failed'>
<tr><td colspan='4' align='center'><b>FAILED TESTS</b></td></tr>
<tr><td><b>Test method</b></td>
<td width="30%"><b>Exception</b></td>
<td width="10%"><b>Time (seconds)</b></td>
<td><b>Instance</b></td>
</tr>
<tr>
<td title='com.vTiger.testCases.TC_001LoginNew.createCampaign()'><b>createCampaign</b><br>Test class: com.vTiger.testCases.TC_001LoginNew</td>
<td><div><pre>java.io.FileNotFoundException: C:\Users\nitin.dubey\Desktop\vTiger\vTigerNew\src\test\java\com\vTiger\testData\LoginData.xlsx (The system cannot find the path specified)
	at java.io.FileInputStream.open0(Native Method)
	at java.io.FileInputStream.open(FileInputStream.java:195)
	at java.io.FileInputStream.&lt;init&gt;(FileInputStream.java:138)
	at java.io.FileInputStream.&lt;init&gt;(FileInputStream.java:93)
	at com.vTiger.utilities.ExcelReader.getWorkbook(ExcelReader.java:48)
	at com.vTiger.utilities.ExcelReader.getTestCaseData(ExcelReader.java:61)
	at com.vTiger.testCases.TC_001LoginNew.createCampaign(TC_001LoginNew.java:47)
... Removed 28 stack frames</pre></div><a href='#' onClick='toggleBox("stack-trace624693846", this, "Click to show all stack frames", "Click to hide stack frames")'>Click to show all stack frames</a>
<div class='stack-trace' id='stack-trace624693846'><pre>java.io.FileNotFoundException: C:\Users\nitin.dubey\Desktop\vTiger\vTigerNew\src\test\java\com\vTiger\testData\LoginData.xlsx (The system cannot find the path specified)
	at java.io.FileInputStream.open0(Native Method)
	at java.io.FileInputStream.open(FileInputStream.java:195)
	at java.io.FileInputStream.&lt;init&gt;(FileInputStream.java:138)
	at java.io.FileInputStream.&lt;init&gt;(FileInputStream.java:93)
	at com.vTiger.utilities.ExcelReader.getWorkbook(ExcelReader.java:48)
	at com.vTiger.utilities.ExcelReader.getTestCaseData(ExcelReader.java:61)
	at com.vTiger.testCases.TC_001LoginNew.createCampaign(TC_001LoginNew.java:47)
	at sun.reflect.NativeMethodAccessorImpl.invoke0(Native Method)
	at sun.reflect.NativeMethodAccessorImpl.invoke(NativeMethodAccessorImpl.java:62)
	at sun.reflect.DelegatingMethodAccessorImpl.invoke(DelegatingMethodAccessorImpl.java:43)
	at java.lang.reflect.Method.invoke(Method.java:498)
	at org.testng.internal.MethodInvocationHelper.invokeMethod(MethodInvocationHelper.java:124)
	at org.testng.internal.Invoker.invokeMethod(Invoker.java:583)
	at org.testng.internal.Invoker.invokeTestMethod(Invoker.java:719)
	at org.testng.internal.Invoker.invokeTestMethods(Invoker.java:989)
	at org.testng.internal.TestMethodWorker.invokeTestMethods(TestMethodWorker.java:125)
	at org.testng.internal.TestMethodWorker.run(TestMethodWorker.java:109)
	at org.testng.TestRunner.privateRun(TestRunner.java:648)
	at org.testng.TestRunner.run(TestRunner.java:505)
	at org.testng.SuiteRunner.runTest(SuiteRunner.java:455)
	at org.testng.SuiteRunner.runSequentially(SuiteRunner.java:450)
	at org.testng.SuiteRunner.privateRun(SuiteRunner.java:415)
	at org.testng.SuiteRunner.run(SuiteRunner.java:364)
	at org.testng.SuiteRunnerWorker.runSuite(SuiteRunnerWorker.java:52)
	at org.testng.SuiteRunnerWorker.run(SuiteRunnerWorker.java:84)
	at org.testng.TestNG.runSuitesSequentially(TestNG.java:1208)
	at org.testng.TestNG.runSuitesLocally(TestNG.java:1137)
	at org.testng.TestNG.runSuites(TestNG.java:1049)
	at org.testng.TestNG.run(TestNG.java:1017)
	at org.apache.maven.surefire.testng.TestNGExecutor.run(TestNGExecutor.java:281)
	at org.apache.maven.surefire.testng.TestNGXmlTestSuite.execute(TestNGXmlTestSuite.java:75)
	at org.apache.maven.surefire.testng.TestNGProvider.invoke(TestNGProvider.java:121)
	at org.apache.maven.surefire.booter.ForkedBooter.invokeProviderInSameClassLoader(ForkedBooter.java:290)
	at org.apache.maven.surefire.booter.ForkedBooter.runSuitesInProcess(ForkedBooter.java:242)
	at org.apache.maven.surefire.booter.ForkedBooter.main(ForkedBooter.java:121)
</pre></div></td>
<td>0</td>
<td>com.vTiger.testCases.TC_001LoginNew@246ae04d</td></tr>
<tr>
<td title='com.vTiger.testCases.TestCase_002_DataDriven.loginDDT()'><b>loginDDT</b><br>Test class: com.vTiger.testCases.TestCase_002_DataDriven<br>Parameters: admin, 234</td>
<td><div><pre>java.lang.AssertionError: expected [true] but found [false]
	at com.vTiger.testCases.TestCase_002_DataDriven.loginDDT(TestCase_002_DataDriven.java:27)
... Removed 32 stack frames</pre></div><a href='#' onClick='toggleBox("stack-trace889422145", this, "Click to show all stack frames", "Click to hide stack frames")'>Click to show all stack frames</a>
<div class='stack-trace' id='stack-trace889422145'><pre>java.lang.AssertionError: expected [true] but found [false]
	at org.testng.Assert.fail(Assert.java:96)
	at org.testng.Assert.failNotEquals(Assert.java:776)
	at org.testng.Assert.assertTrue(Assert.java:44)
	at org.testng.Assert.assertTrue(Assert.java:54)
	at com.vTiger.testCases.TestCase_002_DataDriven.loginDDT(TestCase_002_DataDriven.java:27)
	at sun.reflect.NativeMethodAccessorImpl.invoke0(Native Method)
	at sun.reflect.NativeMethodAccessorImpl.invoke(NativeMethodAccessorImpl.java:62)
	at sun.reflect.DelegatingMethodAccessorImpl.invoke(DelegatingMethodAccessorImpl.java:43)
	at java.lang.reflect.Method.invoke(Method.java:498)
	at org.testng.internal.MethodInvocationHelper.invokeMethod(MethodInvocationHelper.java:124)
	at org.testng.internal.Invoker.invokeMethod(Invoker.java:583)
	at org.testng.internal.Invoker.invokeTestMethod(Invoker.java:719)
	at org.testng.internal.Invoker.invokeTestMethods(Invoker.java:989)
	at org.testng.internal.TestMethodWorker.invokeTestMethods(TestMethodWorker.java:125)
	at org.testng.internal.TestMethodWorker.run(TestMethodWorker.java:109)
	at org.testng.TestRunner.privateRun(TestRunner.java:648)
	at org.testng.TestRunner.run(TestRunner.java:505)
	at org.testng.SuiteRunner.runTest(SuiteRunner.java:455)
	at org.testng.SuiteRunner.runSequentially(SuiteRunner.java:450)
	at org.testng.SuiteRunner.privateRun(SuiteRunner.java:415)
	at org.testng.SuiteRunner.run(SuiteRunner.java:364)
	at org.testng.SuiteRunnerWorker.runSuite(SuiteRunnerWorker.java:52)
	at org.testng.SuiteRunnerWorker.run(SuiteRunnerWorker.java:84)
	at org.testng.TestNG.runSuitesSequentially(TestNG.java:1208)
	at org.testng.TestNG.runSuitesLocally(TestNG.java:1137)
	at org.testng.TestNG.runSuites(TestNG.java:1049)
	at org.testng.TestNG.run(TestNG.java:1017)
	at org.apache.maven.surefire.testng.TestNGExecutor.run(TestNGExecutor.java:281)
	at org.apache.maven.surefire.testng.TestNGXmlTestSuite.execute(TestNGXmlTestSuite.java:75)
	at org.apache.maven.surefire.testng.TestNGProvider.invoke(TestNGProvider.java:121)
	at org.apache.maven.surefire.booter.ForkedBooter.invokeProviderInSameClassLoader(ForkedBooter.java:290)
	at org.apache.maven.surefire.booter.ForkedBooter.runSuitesInProcess(ForkedBooter.java:242)
	at org.apache.maven.surefire.booter.ForkedBooter.main(ForkedBooter.java:121)
</pre></div></td>
<td>11</td>
<td>com.vTiger.testCases.TestCase_002_DataDriven@2c6a3f77</td></tr>
<tr>
<td title='com.vTiger.testCases.TestCase_002_DataDriven.loginDDT()'><b>loginDDT</b><br>Test class: com.vTiger.testCases.TestCase_002_DataDriven<br>Parameters: admni, 23423425</td>
<td><div><pre>java.lang.AssertionError: expected [true] but found [false]
	at com.vTiger.testCases.TestCase_002_DataDriven.loginDDT(TestCase_002_DataDriven.java:27)
... Removed 32 stack frames</pre></div><a href='#' onClick='toggleBox("stack-trace1132369181", this, "Click to show all stack frames", "Click to hide stack frames")'>Click to show all stack frames</a>
<div class='stack-trace' id='stack-trace1132369181'><pre>java.lang.AssertionError: expected [true] but found [false]
	at org.testng.Assert.fail(Assert.java:96)
	at org.testng.Assert.failNotEquals(Assert.java:776)
	at org.testng.Assert.assertTrue(Assert.java:44)
	at org.testng.Assert.assertTrue(Assert.java:54)
	at com.vTiger.testCases.TestCase_002_DataDriven.loginDDT(TestCase_002_DataDriven.java:27)
	at sun.reflect.NativeMethodAccessorImpl.invoke0(Native Method)
	at sun.reflect.NativeMethodAccessorImpl.invoke(NativeMethodAccessorImpl.java:62)
	at sun.reflect.DelegatingMethodAccessorImpl.invoke(DelegatingMethodAccessorImpl.java:43)
	at java.lang.reflect.Method.invoke(Method.java:498)
	at org.testng.internal.MethodInvocationHelper.invokeMethod(MethodInvocationHelper.java:124)
	at org.testng.internal.Invoker.invokeMethod(Invoker.java:583)
	at org.testng.internal.Invoker.invokeTestMethod(Invoker.java:719)
	at org.testng.internal.Invoker.invokeTestMethods(Invoker.java:989)
	at org.testng.internal.TestMethodWorker.invokeTestMethods(TestMethodWorker.java:125)
	at org.testng.internal.TestMethodWorker.run(TestMethodWorker.java:109)
	at org.testng.TestRunner.privateRun(TestRunner.java:648)
	at org.testng.TestRunner.run(TestRunner.java:505)
	at org.testng.SuiteRunner.runTest(SuiteRunner.java:455)
	at org.testng.SuiteRunner.runSequentially(SuiteRunner.java:450)
	at org.testng.SuiteRunner.privateRun(SuiteRunner.java:415)
	at org.testng.SuiteRunner.run(SuiteRunner.java:364)
	at org.testng.SuiteRunnerWorker.runSuite(SuiteRunnerWorker.java:52)
	at org.testng.SuiteRunnerWorker.run(SuiteRunnerWorker.java:84)
	at org.testng.TestNG.runSuitesSequentially(TestNG.java:1208)
	at org.testng.TestNG.runSuitesLocally(TestNG.java:1137)
	at org.testng.TestNG.runSuites(TestNG.java:1049)
	at org.testng.TestNG.run(TestNG.java:1017)
	at org.apache.maven.surefire.testng.TestNGExecutor.run(TestNGExecutor.java:281)
	at org.apache.maven.surefire.testng.TestNGXmlTestSuite.execute(TestNGXmlTestSuite.java:75)
	at org.apache.maven.surefire.testng.TestNGProvider.invoke(TestNGProvider.java:121)
	at org.apache.maven.surefire.booter.ForkedBooter.invokeProviderInSameClassLoader(ForkedBooter.java:290)
	at org.apache.maven.surefire.booter.ForkedBooter.runSuitesInProcess(ForkedBooter.java:242)
	at org.apache.maven.surefire.booter.ForkedBooter.main(ForkedBooter.java:121)
</pre></div></td>
<td>11</td>
<td>com.vTiger.testCases.TestCase_002_DataDriven@2c6a3f77</td></tr>
</table><p>
<table width='100%' border='1' class='invocation-passed'>
<tr><td colspan='4' align='center'><b>PASSED TESTS</b></td></tr>
<tr><td><b>Test method</b></td>
<td width="30%"><b>Exception</b></td>
<td width="10%"><b>Time (seconds)</b></td>
<td><b>Instance</b></td>
</tr>
<tr>
<td title='com.vTiger.testCases.TestCase_003_CreateCampaign.createCampaignDDT()'><b>createCampaignDDT</b><br>Test class: com.vTiger.testCases.TestCase_003_CreateCampaign<br>Parameters: abc, 2019-05-24</td>
<td></td>
<td>68</td>
<td>com.vTiger.testCases.TestCase_003_CreateCampaign@62043840</td></tr>
<tr>
<td title='com.vTiger.testCases.TestCase_003_CreateCampaign.createCampaignDDT()'><b>createCampaignDDT</b><br>Test class: com.vTiger.testCases.TestCase_003_CreateCampaign<br>Parameters: bcd, 2019-05-25</td>
<td></td>
<td>20</td>
<td>com.vTiger.testCases.TestCase_003_CreateCampaign@62043840</td></tr>
<tr>
<td title='com.vTiger.testCases.TestCase_003_CreateCampaign.createCampaignDDT()'><b>createCampaignDDT</b><br>Test class: com.vTiger.testCases.TestCase_003_CreateCampaign<br>Parameters: camp2, 2019-05-26</td>
<td></td>
<td>11</td>
<td>com.vTiger.testCases.TestCase_003_CreateCampaign@62043840</td></tr>
<tr>
<td title='com.vTiger.testCases.TestCase_003_CreateCampaign.createCampaignDDT()'><b>createCampaignDDT</b><br>Test class: com.vTiger.testCases.TestCase_003_CreateCampaign<br>Parameters: camp3, 2019-05-27</td>
<td></td>
<td>12</td>
<td>com.vTiger.testCases.TestCase_003_CreateCampaign@62043840</td></tr>
<tr>
<td title='com.vTiger.testCases.TestCase_002_DataDriven.loginDDT()'><b>loginDDT</b><br>Test class: com.vTiger.testCases.TestCase_002_DataDriven<br>Parameters: admin, admin</td>
<td></td>
<td>9</td>
<td>com.vTiger.testCases.TestCase_002_DataDriven@2c6a3f77</td></tr>
<tr>
<td title='com.vTiger.testCases.TestCase_002_DataDriven.loginDDT()'><b>loginDDT</b><br>Test class: com.vTiger.testCases.TestCase_002_DataDriven<br>Parameters: admin, admin</td>
<td></td>
<td>7</td>
<td>com.vTiger.testCases.TestCase_002_DataDriven@2c6a3f77</td></tr>
<tr>
<td title='com.vTiger.testCases.TestCase_001.loginTest()'><b>loginTest</b><br>Test class: com.vTiger.testCases.TestCase_001</td>
<td></td>
<td>18</td>
<td>com.vTiger.testCases.TestCase_001@1324409e</td></tr>
<tr>
<td title='com.vTiger.testCases.TC_001LoginNew.testMethod2()'><b>testMethod2</b><br>Test class: com.vTiger.testCases.TC_001LoginNew</td>
<td></td>
<td>0</td>
<td>com.vTiger.testCases.TC_001LoginNew@246ae04d</td></tr>
</table><p>
</body>
</html>