<?xml version="1.0" encoding="UTF-8"?>
<testng-results skipped="0" failed="3" ignored="0" total="11" passed="8">
  <reporter-output>
  </reporter-output>
  <suite name="vTiger" duration-ms="230351" started-at="2019-05-20T12:21:46Z" finished-at="2019-05-20T12:25:37Z">
    <groups>
    </groups>
    <test name="vTigerTest" duration-ms="230351" started-at="2019-05-20T12:21:46Z" finished-at="2019-05-20T12:25:37Z">
      <class name="com.vTiger.testCases.TC_001LoginNew">
        <test-method status="PASS" signature="setup(java.lang.String)[pri:0, instance:com.vTiger.testCases.TC_001LoginNew@246ae04d]" name="setup" is-config="true" duration-ms="5627" started-at="2019-05-20T12:23:11Z" finished-at="2019-05-20T12:23:16Z">
          <params>
            <param index="0">
              <value>
                <![CDATA[chrome]]>
              </value>
            </param>
          </params>
          <reporter-output>
          </reporter-output>
        </test-method> <!-- setup -->
        <test-method status="PASS" signature="login()[pri:0, instance:com.vTiger.testCases.TC_001LoginNew@246ae04d]" name="login" is-config="true" duration-ms="2768" started-at="2019-05-20T12:23:16Z" finished-at="2019-05-20T12:23:19Z">
          <reporter-output>
          </reporter-output>
        </test-method> <!-- login -->
        <test-method status="FAIL" signature="createCampaign()[pri:0, instance:com.vTiger.testCases.TC_001LoginNew@246ae04d]" name="createCampaign" duration-ms="2" started-at="2019-05-20T12:23:19Z" finished-at="2019-05-20T12:23:19Z">
          <exception class="java.io.FileNotFoundException">
            <message>
              <![CDATA[C:\Users\nitin.dubey\Desktop\vTiger\vTigerNew\src\test\java\com\vTiger\testData\LoginData.xlsx (The system cannot find the path specified)]]>
            </message>
            <full-stacktrace>
              <![CDATA[java.io.FileNotFoundException: C:\Users\nitin.dubey\Desktop\vTiger\vTigerNew\src\test\java\com\vTiger\testData\LoginData.xlsx (The system cannot find the path specified)
at java.io.FileInputStream.open0(Native Method)
at java.io.FileInputStream.open(FileInputStream.java:195)
at java.io.FileInputStream.<init>(FileInputStream.java:138)
at java.io.FileInputStream.<init>(FileInputStream.java:93)
at com.vTiger.utilities.ExcelReader.getWorkbook(ExcelReader.java:48)
at com.vTiger.utilities.ExcelReader.getTestCaseData(ExcelReader.java:61)
at com.vTiger.testCases.TC_001LoginNew.createCampaign(TC_001LoginNew.java:47)
at sun.reflect.NativeMethodAccessorImpl.invoke0(Native Method)
at sun.reflect.NativeMethodAccessorImpl.invoke(NativeMethodAccessorImpl.java:62)
at sun.reflect.DelegatingMethodAccessorImpl.invoke(DelegatingMethodAccessorImpl.java:43)
at java.lang.reflect.Method.invoke(Method.java:498)
at org.testng.internal.MethodInvocationHelper.invokeMethod(MethodInvocationHelper.java:124)
at org.testng.internal.Invoker.invokeMethod(Invoker.java:583)
at org.testng.internal.Invoker.invokeTestMethod(Invoker.java:719)
at org.testng.internal.Invoker.invokeTestMethods(Invoker.java:989)
at org.testng.internal.TestMethodWorker.invokeTestMethods(TestMethodWorker.java:125)
at org.testng.internal.TestMethodWorker.run(TestMethodWorker.java:109)
at org.testng.TestRunner.privateRun(TestRunner.java:648)
at org.testng.TestRunner.run(TestRunner.java:505)
at org.testng.SuiteRunner.runTest(SuiteRunner.java:455)
at org.testng.SuiteRunner.runSequentially(SuiteRunner.java:450)
at org.testng.SuiteRunner.privateRun(SuiteRunner.java:415)
at org.testng.SuiteRunner.run(SuiteRunner.java:364)
at org.testng.SuiteRunnerWorker.runSuite(SuiteRunnerWorker.java:52)
at org.testng.SuiteRunnerWorker.run(SuiteRunnerWorker.java:84)
at org.testng.TestNG.runSuitesSequentially(TestNG.java:1208)
at org.testng.TestNG.runSuitesLocally(TestNG.java:1137)
at org.testng.TestNG.runSuites(TestNG.java:1049)
at org.testng.TestNG.run(TestNG.java:1017)
at org.apache.maven.surefire.testng.TestNGExecutor.run(TestNGExecutor.java:281)
at org.apache.maven.surefire.testng.TestNGXmlTestSuite.execute(TestNGXmlTestSuite.java:75)
at org.apache.maven.surefire.testng.TestNGProvider.invoke(TestNGProvider.java:121)
at org.apache.maven.surefire.booter.ForkedBooter.invokeProviderInSameClassLoader(ForkedBooter.java:290)
at org.apache.maven.surefire.booter.ForkedBooter.runSuitesInProcess(ForkedBooter.java:242)
at org.apache.maven.surefire.booter.ForkedBooter.main(ForkedBooter.java:121)
]]>
            </full-stacktrace>
          </exception> <!-- java.io.FileNotFoundException -->
          <reporter-output>
          </reporter-output>
        </test-method> <!-- createCampaign -->
        <test-method status="PASS" signature="testAfterTest()[pri:0, instance:com.vTiger.testCases.TC_001LoginNew@246ae04d]" name="testAfterTest" is-config="true" duration-ms="3987" started-at="2019-05-20T12:23:19Z" finished-at="2019-05-20T12:23:23Z">
          <reporter-output>
          </reporter-output>
        </test-method> <!-- testAfterTest -->
        <test-method status="PASS" signature="login()[pri:0, instance:com.vTiger.testCases.TC_001LoginNew@246ae04d]" name="login" is-config="true" duration-ms="2750" started-at="2019-05-20T12:23:23Z" finished-at="2019-05-20T12:23:26Z">
          <reporter-output>
          </reporter-output>
        </test-method> <!-- login -->
        <test-method status="PASS" signature="testMethod2()[pri:0, instance:com.vTiger.testCases.TC_001LoginNew@246ae04d]" name="testMethod2" duration-ms="0" started-at="2019-05-20T12:23:26Z" finished-at="2019-05-20T12:23:26Z">
          <reporter-output>
          </reporter-output>
        </test-method> <!-- testMethod2 -->
        <test-method status="PASS" signature="testAfterTest()[pri:0, instance:com.vTiger.testCases.TC_001LoginNew@246ae04d]" name="testAfterTest" is-config="true" duration-ms="10382" started-at="2019-05-20T12:23:26Z" finished-at="2019-05-20T12:23:36Z">
          <reporter-output>
          </reporter-output>
        </test-method> <!-- testAfterTest -->
        <test-method status="PASS" signature="tearDown()[pri:0, instance:com.vTiger.testCases.TC_001LoginNew@246ae04d]" name="tearDown" is-config="true" duration-ms="715" started-at="2019-05-20T12:23:36Z" finished-at="2019-05-20T12:23:37Z">
          <reporter-output>
          </reporter-output>
        </test-method> <!-- tearDown -->
      </class> <!-- com.vTiger.testCases.TC_001LoginNew -->
      <class name="com.vTiger.testCases.TestCase_003_CreateCampaign">
        <test-method status="PASS" signature="setup(java.lang.String)[pri:0, instance:com.vTiger.testCases.TestCase_003_CreateCampaign@62043840]" name="setup" is-config="true" duration-ms="5355" started-at="2019-05-20T12:23:37Z" finished-at="2019-05-20T12:23:42Z">
          <params>
            <param index="0">
              <value>
                <![CDATA[chrome]]>
              </value>
            </param>
          </params>
          <reporter-output>
          </reporter-output>
        </test-method> <!-- setup -->
        <test-method status="PASS" signature="createCampaignDDT(java.lang.String, java.lang.String)[pri:0, instance:com.vTiger.testCases.TestCase_003_CreateCampaign@62043840]" name="createCampaignDDT" duration-ms="68656" started-at="2019-05-20T12:23:43Z" data-provider="campaignData" finished-at="2019-05-20T12:24:51Z">
          <params>
            <param index="0">
              <value>
                <![CDATA[abc]]>
              </value>
            </param>
            <param index="1">
              <value>
                <![CDATA[2019-05-24]]>
              </value>
            </param>
          </params>
          <reporter-output>
          </reporter-output>
        </test-method> <!-- createCampaignDDT -->
        <test-method status="PASS" signature="createCampaignDDT(java.lang.String, java.lang.String)[pri:0, instance:com.vTiger.testCases.TestCase_003_CreateCampaign@62043840]" name="createCampaignDDT" duration-ms="20091" started-at="2019-05-20T12:24:51Z" data-provider="campaignData" finished-at="2019-05-20T12:25:11Z">
          <params>
            <param index="0">
              <value>
                <![CDATA[bcd]]>
              </value>
            </param>
            <param index="1">
              <value>
                <![CDATA[2019-05-25]]>
              </value>
            </param>
          </params>
          <reporter-output>
          </reporter-output>
        </test-method> <!-- createCampaignDDT -->
        <test-method status="PASS" signature="createCampaignDDT(java.lang.String, java.lang.String)[pri:0, instance:com.vTiger.testCases.TestCase_003_CreateCampaign@62043840]" name="createCampaignDDT" duration-ms="11923" started-at="2019-05-20T12:25:11Z" data-provider="campaignData" finished-at="2019-05-20T12:25:23Z">
          <params>
            <param index="0">
              <value>
                <![CDATA[camp2]]>
              </value>
            </param>
            <param index="1">
              <value>
                <![CDATA[2019-05-26]]>
              </value>
            </param>
          </params>
          <reporter-output>
          </reporter-output>
        </test-method> <!-- createCampaignDDT -->
        <test-method status="PASS" signature="createCampaignDDT(java.lang.String, java.lang.String)[pri:0, instance:com.vTiger.testCases.TestCase_003_CreateCampaign@62043840]" name="createCampaignDDT" duration-ms="12509" started-at="2019-05-20T12:25:23Z" data-provider="campaignData" finished-at="2019-05-20T12:25:36Z">
          <params>
            <param index="0">
              <value>
                <![CDATA[camp3]]>
              </value>
            </param>
            <param index="1">
              <value>
                <![CDATA[2019-05-27]]>
              </value>
            </param>
          </params>
          <reporter-output>
          </reporter-output>
        </test-method> <!-- createCampaignDDT -->
        <test-method status="PASS" signature="tearDown()[pri:0, instance:com.vTiger.testCases.TestCase_003_CreateCampaign@62043840]" name="tearDown" is-config="true" duration-ms="717" started-at="2019-05-20T12:25:36Z" finished-at="2019-05-20T12:25:37Z">
          <reporter-output>
          </reporter-output>
        </test-method> <!-- tearDown -->
      </class> <!-- com.vTiger.testCases.TestCase_003_CreateCampaign -->
      <class name="com.vTiger.testCases.TestCase_001">
        <test-method status="PASS" signature="setup(java.lang.String)[pri:0, instance:com.vTiger.testCases.TestCase_001@1324409e]" name="setup" is-config="true" duration-ms="15316" started-at="2019-05-20T12:21:47Z" finished-at="2019-05-20T12:22:02Z">
          <params>
            <param index="0">
              <value>
                <![CDATA[chrome]]>
              </value>
            </param>
          </params>
          <reporter-output>
          </reporter-output>
        </test-method> <!-- setup -->
        <test-method status="PASS" signature="loginTest()[pri:0, instance:com.vTiger.testCases.TestCase_001@1324409e]" name="loginTest" duration-ms="18165" started-at="2019-05-20T12:22:02Z" finished-at="2019-05-20T12:22:20Z">
          <reporter-output>
          </reporter-output>
        </test-method> <!-- loginTest -->
        <test-method status="PASS" signature="tearDown()[pri:0, instance:com.vTiger.testCases.TestCase_001@1324409e]" name="tearDown" is-config="true" duration-ms="779" started-at="2019-05-20T12:22:20Z" finished-at="2019-05-20T12:22:21Z">
          <reporter-output>
          </reporter-output>
        </test-method> <!-- tearDown -->
      </class> <!-- com.vTiger.testCases.TestCase_001 -->
      <class name="com.vTiger.testCases.TestCase_002_DataDriven">
        <test-method status="PASS" signature="setup(java.lang.String)[pri:0, instance:com.vTiger.testCases.TestCase_002_DataDriven@2c6a3f77]" name="setup" is-config="true" duration-ms="5301" started-at="2019-05-20T12:22:21Z" finished-at="2019-05-20T12:22:26Z">
          <params>
            <param index="0">
              <value>
                <![CDATA[chrome]]>
              </value>
            </param>
          </params>
          <reporter-output>
          </reporter-output>
        </test-method> <!-- setup -->
        <test-method status="PASS" signature="loginDDT(java.lang.String, java.lang.String)[pri:0, instance:com.vTiger.testCases.TestCase_002_DataDriven@2c6a3f77]" name="loginDDT" duration-ms="9568" started-at="2019-05-20T12:22:29Z" data-provider="LoginData" finished-at="2019-05-20T12:22:39Z">
          <params>
            <param index="0">
              <value>
                <![CDATA[admin]]>
              </value>
            </param>
            <param index="1">
              <value>
                <![CDATA[admin]]>
              </value>
            </param>
          </params>
          <reporter-output>
          </reporter-output>
        </test-method> <!-- loginDDT -->
        <test-method status="FAIL" signature="loginDDT(java.lang.String, java.lang.String)[pri:0, instance:com.vTiger.testCases.TestCase_002_DataDriven@2c6a3f77]" name="loginDDT" duration-ms="11819" started-at="2019-05-20T12:22:39Z" data-provider="LoginData" finished-at="2019-05-20T12:22:50Z">
          <params>
            <param index="0">
              <value>
                <![CDATA[admin]]>
              </value>
            </param>
            <param index="1">
              <value>
                <![CDATA[234]]>
              </value>
            </param>
          </params>
          <exception class="java.lang.AssertionError">
            <message>
              <![CDATA[expected [true] but found [false]]]>
            </message>
            <full-stacktrace>
              <![CDATA[java.lang.AssertionError: expected [true] but found [false]
at org.testng.Assert.fail(Assert.java:96)
at org.testng.Assert.failNotEquals(Assert.java:776)
at org.testng.Assert.assertTrue(Assert.java:44)
at org.testng.Assert.assertTrue(Assert.java:54)
at com.vTiger.testCases.TestCase_002_DataDriven.loginDDT(TestCase_002_DataDriven.java:27)
at sun.reflect.NativeMethodAccessorImpl.invoke0(Native Method)
at sun.reflect.NativeMethodAccessorImpl.invoke(NativeMethodAccessorImpl.java:62)
at sun.reflect.DelegatingMethodAccessorImpl.invoke(DelegatingMethodAccessorImpl.java:43)
at java.lang.reflect.Method.invoke(Method.java:498)
at org.testng.internal.MethodInvocationHelper.invokeMethod(MethodInvocationHelper.java:124)
at org.testng.internal.Invoker.invokeMethod(Invoker.java:583)
at org.testng.internal.Invoker.invokeTestMethod(Invoker.java:719)
at org.testng.internal.Invoker.invokeTestMethods(Invoker.java:989)
at org.testng.internal.TestMethodWorker.invokeTestMethods(TestMethodWorker.java:125)
at org.testng.internal.TestMethodWorker.run(TestMethodWorker.java:109)
at org.testng.TestRunner.privateRun(TestRunner.java:648)
at org.testng.TestRunner.run(TestRunner.java:505)
at org.testng.SuiteRunner.runTest(SuiteRunner.java:455)
at org.testng.SuiteRunner.runSequentially(SuiteRunner.java:450)
at org.testng.SuiteRunner.privateRun(SuiteRunner.java:415)
at org.testng.SuiteRunner.run(SuiteRunner.java:364)
at org.testng.SuiteRunnerWorker.runSuite(SuiteRunnerWorker.java:52)
at org.testng.SuiteRunnerWorker.run(SuiteRunnerWorker.java:84)
at org.testng.TestNG.runSuitesSequentially(TestNG.java:1208)
at org.testng.TestNG.runSuitesLocally(TestNG.java:1137)
at org.testng.TestNG.runSuites(TestNG.java:1049)
at org.testng.TestNG.run(TestNG.java:1017)
at org.apache.maven.surefire.testng.TestNGExecutor.run(TestNGExecutor.java:281)
at org.apache.maven.surefire.testng.TestNGXmlTestSuite.execute(TestNGXmlTestSuite.java:75)
at org.apache.maven.surefire.testng.TestNGProvider.invoke(TestNGProvider.java:121)
at org.apache.maven.surefire.booter.ForkedBooter.invokeProviderInSameClassLoader(ForkedBooter.java:290)
at org.apache.maven.surefire.booter.ForkedBooter.runSuitesInProcess(ForkedBooter.java:242)
at org.apache.maven.surefire.booter.ForkedBooter.main(ForkedBooter.java:121)
]]>
            </full-stacktrace>
          </exception> <!-- java.lang.AssertionError -->
          <reporter-output>
          </reporter-output>
        </test-method> <!-- loginDDT -->
        <test-method status="PASS" signature="loginDDT(java.lang.String, java.lang.String)[pri:0, instance:com.vTiger.testCases.TestCase_002_DataDriven@2c6a3f77]" name="loginDDT" duration-ms="7471" started-at="2019-05-20T12:22:51Z" data-provider="LoginData" finished-at="2019-05-20T12:22:58Z">
          <params>
            <param index="0">
              <value>
                <![CDATA[admin]]>
              </value>
            </param>
            <param index="1">
              <value>
                <![CDATA[admin]]>
              </value>
            </param>
          </params>
          <reporter-output>
          </reporter-output>
        </test-method> <!-- loginDDT -->
        <test-method status="FAIL" signature="loginDDT(java.lang.String, java.lang.String)[pri:0, instance:com.vTiger.testCases.TestCase_002_DataDriven@2c6a3f77]" name="loginDDT" duration-ms="11979" started-at="2019-05-20T12:22:58Z" data-provider="LoginData" finished-at="2019-05-20T12:23:10Z">
          <params>
            <param index="0">
              <value>
                <![CDATA[admni]]>
              </value>
            </param>
            <param index="1">
              <value>
                <![CDATA[23423425]]>
              </value>
            </param>
          </params>
          <exception class="java.lang.AssertionError">
            <message>
              <![CDATA[expected [true] but found [false]]]>
            </message>
            <full-stacktrace>
              <![CDATA[java.lang.AssertionError: expected [true] but found [false]
at org.testng.Assert.fail(Assert.java:96)
at org.testng.Assert.failNotEquals(Assert.java:776)
at org.testng.Assert.assertTrue(Assert.java:44)
at org.testng.Assert.assertTrue(Assert.java:54)
at com.vTiger.testCases.TestCase_002_DataDriven.loginDDT(TestCase_002_DataDriven.java:27)
at sun.reflect.NativeMethodAccessorImpl.invoke0(Native Method)
at sun.reflect.NativeMethodAccessorImpl.invoke(NativeMethodAccessorImpl.java:62)
at sun.reflect.DelegatingMethodAccessorImpl.invoke(DelegatingMethodAccessorImpl.java:43)
at java.lang.reflect.Method.invoke(Method.java:498)
at org.testng.internal.MethodInvocationHelper.invokeMethod(MethodInvocationHelper.java:124)
at org.testng.internal.Invoker.invokeMethod(Invoker.java:583)
at org.testng.internal.Invoker.invokeTestMethod(Invoker.java:719)
at org.testng.internal.Invoker.invokeTestMethods(Invoker.java:989)
at org.testng.internal.TestMethodWorker.invokeTestMethods(TestMethodWorker.java:125)
at org.testng.internal.TestMethodWorker.run(TestMethodWorker.java:109)
at org.testng.TestRunner.privateRun(TestRunner.java:648)
at org.testng.TestRunner.run(TestRunner.java:505)
at org.testng.SuiteRunner.runTest(SuiteRunner.java:455)
at org.testng.SuiteRunner.runSequentially(SuiteRunner.java:450)
at org.testng.SuiteRunner.privateRun(SuiteRunner.java:415)
at org.testng.SuiteRunner.run(SuiteRunner.java:364)
at org.testng.SuiteRunnerWorker.runSuite(SuiteRunnerWorker.java:52)
at org.testng.SuiteRunnerWorker.run(SuiteRunnerWorker.java:84)
at org.testng.TestNG.runSuitesSequentially(TestNG.java:1208)
at org.testng.TestNG.runSuitesLocally(TestNG.java:1137)
at org.testng.TestNG.runSuites(TestNG.java:1049)
at org.testng.TestNG.run(TestNG.java:1017)
at org.apache.maven.surefire.testng.TestNGExecutor.run(TestNGExecutor.java:281)
at org.apache.maven.surefire.testng.TestNGXmlTestSuite.execute(TestNGXmlTestSuite.java:75)
at org.apache.maven.surefire.testng.TestNGProvider.invoke(TestNGProvider.java:121)
at org.apache.maven.surefire.booter.ForkedBooter.invokeProviderInSameClassLoader(ForkedBooter.java:290)
at org.apache.maven.surefire.booter.ForkedBooter.runSuitesInProcess(ForkedBooter.java:242)
at org.apache.maven.surefire.booter.ForkedBooter.main(ForkedBooter.java:121)
]]>
            </full-stacktrace>
          </exception> <!-- java.lang.AssertionError -->
          <reporter-output>
          </reporter-output>
        </test-method> <!-- loginDDT -->
        <test-method status="PASS" signature="tearDown()[pri:0, instance:com.vTiger.testCases.TestCase_002_DataDriven@2c6a3f77]" name="tearDown" is-config="true" duration-ms="692" started-at="2019-05-20T12:23:10Z" finished-at="2019-05-20T12:23:11Z">
          <reporter-output>
          </reporter-output>
        </test-method> <!-- tearDown -->
      </class> <!-- com.vTiger.testCases.TestCase_002_DataDriven -->
    </test> <!-- vTigerTest -->
  </suite> <!-- vTiger -->
</testng-results>
