<?xml version="1.0" encoding="UTF-8"?>
<testng-results skipped="0" failed="2" ignored="0" total="11" passed="9">
  <reporter-output>
  </reporter-output>
  <suite name="vTiger" duration-ms="120330" started-at="2019-05-15T12:21:13Z" finished-at="2019-05-15T12:23:13Z">
    <groups>
    </groups>
    <test name="vTigerTest" duration-ms="120330" started-at="2019-05-15T12:21:13Z" finished-at="2019-05-15T12:23:13Z">
      <class name="com.vTiger.testCases.TC_001LoginNew">
        <test-method status="PASS" signature="setup(java.lang.String)[pri:0, instance:com.vTiger.testCases.TC_001LoginNew@239963d8]" name="setup" is-config="true" duration-ms="5100" started-at="2019-05-15T12:22:04Z" finished-at="2019-05-15T12:22:09Z">
          <params>
            <param index="0">
              <value>
                <![CDATA[chrome]]>
              </value>
            </param>
          </params>
          <reporter-output>
          </reporter-output>
        </test-method> <!-- setup -->
        <test-method status="PASS" signature="login()[pri:0, instance:com.vTiger.testCases.TC_001LoginNew@239963d8]" name="login" is-config="true" duration-ms="2863" started-at="2019-05-15T12:22:09Z" finished-at="2019-05-15T12:22:12Z">
          <reporter-output>
          </reporter-output>
        </test-method> <!-- login -->
        <test-method status="PASS" signature="createCampaign()[pri:0, instance:com.vTiger.testCases.TC_001LoginNew@239963d8]" name="createCampaign" duration-ms="7767" started-at="2019-05-15T12:22:12Z" finished-at="2019-05-15T12:22:20Z">
          <reporter-output>
          </reporter-output>
        </test-method> <!-- createCampaign -->
        <test-method status="PASS" signature="testAfterTest()[pri:0, instance:com.vTiger.testCases.TC_001LoginNew@239963d8]" name="testAfterTest" is-config="true" duration-ms="1144" started-at="2019-05-15T12:22:20Z" finished-at="2019-05-15T12:22:21Z">
          <reporter-output>
          </reporter-output>
        </test-method> <!-- testAfterTest -->
        <test-method status="PASS" signature="login()[pri:0, instance:com.vTiger.testCases.TC_001LoginNew@239963d8]" name="login" is-config="true" duration-ms="1962" started-at="2019-05-15T12:22:21Z" finished-at="2019-05-15T12:22:23Z">
          <reporter-output>
          </reporter-output>
        </test-method> <!-- login -->
        <test-method status="PASS" signature="testMethod2()[pri:0, instance:com.vTiger.testCases.TC_001LoginNew@239963d8]" name="testMethod2" duration-ms="3" started-at="2019-05-15T12:22:23Z" finished-at="2019-05-15T12:22:23Z">
          <reporter-output>
          </reporter-output>
        </test-method> <!-- testMethod2 -->
        <test-method status="PASS" signature="testAfterTest()[pri:0, instance:com.vTiger.testCases.TC_001LoginNew@239963d8]" name="testAfterTest" is-config="true" duration-ms="2528" started-at="2019-05-15T12:22:23Z" finished-at="2019-05-15T12:22:25Z">
          <reporter-output>
          </reporter-output>
        </test-method> <!-- testAfterTest -->
        <test-method status="PASS" signature="tearDown()[pri:0, instance:com.vTiger.testCases.TC_001LoginNew@239963d8]" name="tearDown" is-config="true" duration-ms="716" started-at="2019-05-15T12:22:25Z" finished-at="2019-05-15T12:22:26Z">
          <reporter-output>
          </reporter-output>
        </test-method> <!-- tearDown -->
      </class> <!-- com.vTiger.testCases.TC_001LoginNew -->
      <class name="com.vTiger.testCases.TestCase_003_CreateCampaign">
        <test-method status="PASS" signature="setup(java.lang.String)[pri:0, instance:com.vTiger.testCases.TestCase_003_CreateCampaign@3abbfa04]" name="setup" is-config="true" duration-ms="5742" started-at="2019-05-15T12:22:26Z" finished-at="2019-05-15T12:22:32Z">
          <params>
            <param index="0">
              <value>
                <![CDATA[chrome]]>
              </value>
            </param>
          </params>
          <reporter-output>
          </reporter-output>
        </test-method> <!-- setup -->
        <test-method status="PASS" signature="createCampaignDDT(java.lang.String, java.lang.String)[pri:0, instance:com.vTiger.testCases.TestCase_003_CreateCampaign@3abbfa04]" name="createCampaignDDT" duration-ms="11013" started-at="2019-05-15T12:22:32Z" data-provider="campaignData" finished-at="2019-05-15T12:22:43Z">
          <params>
            <param index="0">
              <value>
                <![CDATA[abc]]>
              </value>
            </param>
            <param index="1">
              <value>
                <![CDATA[2019-05-24]]>
              </value>
            </param>
          </params>
          <reporter-output>
          </reporter-output>
        </test-method> <!-- createCampaignDDT -->
        <test-method status="PASS" signature="createCampaignDDT(java.lang.String, java.lang.String)[pri:0, instance:com.vTiger.testCases.TestCase_003_CreateCampaign@3abbfa04]" name="createCampaignDDT" duration-ms="9882" started-at="2019-05-15T12:22:43Z" data-provider="campaignData" finished-at="2019-05-15T12:22:53Z">
          <params>
            <param index="0">
              <value>
                <![CDATA[bcd]]>
              </value>
            </param>
            <param index="1">
              <value>
                <![CDATA[2019-05-25]]>
              </value>
            </param>
          </params>
          <reporter-output>
          </reporter-output>
        </test-method> <!-- createCampaignDDT -->
        <test-method status="PASS" signature="createCampaignDDT(java.lang.String, java.lang.String)[pri:0, instance:com.vTiger.testCases.TestCase_003_CreateCampaign@3abbfa04]" name="createCampaignDDT" duration-ms="9762" started-at="2019-05-15T12:22:53Z" data-provider="campaignData" finished-at="2019-05-15T12:23:03Z">
          <params>
            <param index="0">
              <value>
                <![CDATA[camp2]]>
              </value>
            </param>
            <param index="1">
              <value>
                <![CDATA[2019-05-26]]>
              </value>
            </param>
          </params>
          <reporter-output>
          </reporter-output>
        </test-method> <!-- createCampaignDDT -->
        <test-method status="PASS" signature="createCampaignDDT(java.lang.String, java.lang.String)[pri:0, instance:com.vTiger.testCases.TestCase_003_CreateCampaign@3abbfa04]" name="createCampaignDDT" duration-ms="9557" started-at="2019-05-15T12:23:03Z" data-provider="campaignData" finished-at="2019-05-15T12:23:12Z">
          <params>
            <param index="0">
              <value>
                <![CDATA[camp3]]>
              </value>
            </param>
            <param index="1">
              <value>
                <![CDATA[2019-05-27]]>
              </value>
            </param>
          </params>
          <reporter-output>
          </reporter-output>
        </test-method> <!-- createCampaignDDT -->
        <test-method status="PASS" signature="tearDown()[pri:0, instance:com.vTiger.testCases.TestCase_003_CreateCampaign@3abbfa04]" name="tearDown" is-config="true" duration-ms="1012" started-at="2019-05-15T12:23:12Z" finished-at="2019-05-15T12:23:13Z">
          <reporter-output>
          </reporter-output>
        </test-method> <!-- tearDown -->
      </class> <!-- com.vTiger.testCases.TestCase_003_CreateCampaign -->
      <class name="com.vTiger.testCases.TestCase_001">
        <test-method status="PASS" signature="setup(java.lang.String)[pri:0, instance:com.vTiger.testCases.TestCase_001@f6c48ac]" name="setup" is-config="true" duration-ms="5991" started-at="2019-05-15T12:21:13Z" finished-at="2019-05-15T12:21:19Z">
          <params>
            <param index="0">
              <value>
                <![CDATA[chrome]]>
              </value>
            </param>
          </params>
          <reporter-output>
          </reporter-output>
        </test-method> <!-- setup -->
        <test-method status="PASS" signature="loginTest()[pri:0, instance:com.vTiger.testCases.TestCase_001@f6c48ac]" name="loginTest" duration-ms="2994" started-at="2019-05-15T12:21:19Z" finished-at="2019-05-15T12:21:22Z">
          <reporter-output>
          </reporter-output>
        </test-method> <!-- loginTest -->
        <test-method status="PASS" signature="tearDown()[pri:0, instance:com.vTiger.testCases.TestCase_001@f6c48ac]" name="tearDown" is-config="true" duration-ms="811" started-at="2019-05-15T12:21:22Z" finished-at="2019-05-15T12:21:23Z">
          <reporter-output>
          </reporter-output>
        </test-method> <!-- tearDown -->
      </class> <!-- com.vTiger.testCases.TestCase_001 -->
      <class name="com.vTiger.testCases.TestCase_002_DataDriven">
        <test-method status="PASS" signature="setup(java.lang.String)[pri:0, instance:com.vTiger.testCases.TestCase_002_DataDriven@13deb50e]" name="setup" is-config="true" duration-ms="6134" started-at="2019-05-15T12:21:23Z" finished-at="2019-05-15T12:21:29Z">
          <params>
            <param index="0">
              <value>
                <![CDATA[chrome]]>
              </value>
            </param>
          </params>
          <reporter-output>
          </reporter-output>
        </test-method> <!-- setup -->
        <test-method status="PASS" signature="loginDDT(java.lang.String, java.lang.String)[pri:0, instance:com.vTiger.testCases.TestCase_002_DataDriven@13deb50e]" name="loginDDT" duration-ms="5436" started-at="2019-05-15T12:21:30Z" data-provider="LoginData" finished-at="2019-05-15T12:21:36Z">
          <params>
            <param index="0">
              <value>
                <![CDATA[admin]]>
              </value>
            </param>
            <param index="1">
              <value>
                <![CDATA[admin]]>
              </value>
            </param>
          </params>
          <reporter-output>
          </reporter-output>
        </test-method> <!-- loginDDT -->
        <test-method status="FAIL" signature="loginDDT(java.lang.String, java.lang.String)[pri:0, instance:com.vTiger.testCases.TestCase_002_DataDriven@13deb50e]" name="loginDDT" duration-ms="11463" started-at="2019-05-15T12:21:36Z" data-provider="LoginData" finished-at="2019-05-15T12:21:47Z">
          <params>
            <param index="0">
              <value>
                <![CDATA[admin]]>
              </value>
            </param>
            <param index="1">
              <value>
                <![CDATA[234]]>
              </value>
            </param>
          </params>
          <exception class="java.lang.AssertionError">
            <message>
              <![CDATA[expected [true] but found [false]]]>
            </message>
            <full-stacktrace>
              <![CDATA[java.lang.AssertionError: expected [true] but found [false]
at org.testng.Assert.fail(Assert.java:96)
at org.testng.Assert.failNotEquals(Assert.java:776)
at org.testng.Assert.assertTrue(Assert.java:44)
at org.testng.Assert.assertTrue(Assert.java:54)
at com.vTiger.testCases.TestCase_002_DataDriven.loginDDT(TestCase_002_DataDriven.java:27)
at sun.reflect.NativeMethodAccessorImpl.invoke0(Native Method)
at sun.reflect.NativeMethodAccessorImpl.invoke(NativeMethodAccessorImpl.java:62)
at sun.reflect.DelegatingMethodAccessorImpl.invoke(DelegatingMethodAccessorImpl.java:43)
at java.lang.reflect.Method.invoke(Method.java:498)
at org.testng.internal.MethodInvocationHelper.invokeMethod(MethodInvocationHelper.java:124)
at org.testng.internal.Invoker.invokeMethod(Invoker.java:583)
at org.testng.internal.Invoker.invokeTestMethod(Invoker.java:719)
at org.testng.internal.Invoker.invokeTestMethods(Invoker.java:989)
at org.testng.internal.TestMethodWorker.invokeTestMethods(TestMethodWorker.java:125)
at org.testng.internal.TestMethodWorker.run(TestMethodWorker.java:109)
at org.testng.TestRunner.privateRun(TestRunner.java:648)
at org.testng.TestRunner.run(TestRunner.java:505)
at org.testng.SuiteRunner.runTest(SuiteRunner.java:455)
at org.testng.SuiteRunner.runSequentially(SuiteRunner.java:450)
at org.testng.SuiteRunner.privateRun(SuiteRunner.java:415)
at org.testng.SuiteRunner.run(SuiteRunner.java:364)
at org.testng.SuiteRunnerWorker.runSuite(SuiteRunnerWorker.java:52)
at org.testng.SuiteRunnerWorker.run(SuiteRunnerWorker.java:84)
at org.testng.TestNG.runSuitesSequentially(TestNG.java:1208)
at org.testng.TestNG.runSuitesLocally(TestNG.java:1137)
at org.testng.TestNG.runSuites(TestNG.java:1049)
at org.testng.TestNG.run(TestNG.java:1017)
at org.testng.remote.AbstractRemoteTestNG.run(AbstractRemoteTestNG.java:114)
at org.testng.remote.RemoteTestNG.initAndRun(RemoteTestNG.java:251)
at org.testng.remote.RemoteTestNG.main(RemoteTestNG.java:77)
]]>
            </full-stacktrace>
          </exception> <!-- java.lang.AssertionError -->
          <reporter-output>
          </reporter-output>
        </test-method> <!-- loginDDT -->
        <test-method status="PASS" signature="loginDDT(java.lang.String, java.lang.String)[pri:0, instance:com.vTiger.testCases.TestCase_002_DataDriven@13deb50e]" name="loginDDT" duration-ms="4727" started-at="2019-05-15T12:21:47Z" data-provider="LoginData" finished-at="2019-05-15T12:21:52Z">
          <params>
            <param index="0">
              <value>
                <![CDATA[admin]]>
              </value>
            </param>
            <param index="1">
              <value>
                <![CDATA[admin]]>
              </value>
            </param>
          </params>
          <reporter-output>
          </reporter-output>
        </test-method> <!-- loginDDT -->
        <test-method status="FAIL" signature="loginDDT(java.lang.String, java.lang.String)[pri:0, instance:com.vTiger.testCases.TestCase_002_DataDriven@13deb50e]" name="loginDDT" duration-ms="11463" started-at="2019-05-15T12:21:52Z" data-provider="LoginData" finished-at="2019-05-15T12:22:03Z">
          <params>
            <param index="0">
              <value>
                <![CDATA[admni]]>
              </value>
            </param>
            <param index="1">
              <value>
                <![CDATA[23423425]]>
              </value>
            </param>
          </params>
          <exception class="java.lang.AssertionError">
            <message>
              <![CDATA[expected [true] but found [false]]]>
            </message>
            <full-stacktrace>
              <![CDATA[java.lang.AssertionError: expected [true] but found [false]
at org.testng.Assert.fail(Assert.java:96)
at org.testng.Assert.failNotEquals(Assert.java:776)
at org.testng.Assert.assertTrue(Assert.java:44)
at org.testng.Assert.assertTrue(Assert.java:54)
at com.vTiger.testCases.TestCase_002_DataDriven.loginDDT(TestCase_002_DataDriven.java:27)
at sun.reflect.NativeMethodAccessorImpl.invoke0(Native Method)
at sun.reflect.NativeMethodAccessorImpl.invoke(NativeMethodAccessorImpl.java:62)
at sun.reflect.DelegatingMethodAccessorImpl.invoke(DelegatingMethodAccessorImpl.java:43)
at java.lang.reflect.Method.invoke(Method.java:498)
at org.testng.internal.MethodInvocationHelper.invokeMethod(MethodInvocationHelper.java:124)
at org.testng.internal.Invoker.invokeMethod(Invoker.java:583)
at org.testng.internal.Invoker.invokeTestMethod(Invoker.java:719)
at org.testng.internal.Invoker.invokeTestMethods(Invoker.java:989)
at org.testng.internal.TestMethodWorker.invokeTestMethods(TestMethodWorker.java:125)
at org.testng.internal.TestMethodWorker.run(TestMethodWorker.java:109)
at org.testng.TestRunner.privateRun(TestRunner.java:648)
at org.testng.TestRunner.run(TestRunner.java:505)
at org.testng.SuiteRunner.runTest(SuiteRunner.java:455)
at org.testng.SuiteRunner.runSequentially(SuiteRunner.java:450)
at org.testng.SuiteRunner.privateRun(SuiteRunner.java:415)
at org.testng.SuiteRunner.run(SuiteRunner.java:364)
at org.testng.SuiteRunnerWorker.runSuite(SuiteRunnerWorker.java:52)
at org.testng.SuiteRunnerWorker.run(SuiteRunnerWorker.java:84)
at org.testng.TestNG.runSuitesSequentially(TestNG.java:1208)
at org.testng.TestNG.runSuitesLocally(TestNG.java:1137)
at org.testng.TestNG.runSuites(TestNG.java:1049)
at org.testng.TestNG.run(TestNG.java:1017)
at org.testng.remote.AbstractRemoteTestNG.run(AbstractRemoteTestNG.java:114)
at org.testng.remote.RemoteTestNG.initAndRun(RemoteTestNG.java:251)
at org.testng.remote.RemoteTestNG.main(RemoteTestNG.java:77)
]]>
            </full-stacktrace>
          </exception> <!-- java.lang.AssertionError -->
          <reporter-output>
          </reporter-output>
        </test-method> <!-- loginDDT -->
        <test-method status="PASS" signature="tearDown()[pri:0, instance:com.vTiger.testCases.TestCase_002_DataDriven@13deb50e]" name="tearDown" is-config="true" duration-ms="629" started-at="2019-05-15T12:22:03Z" finished-at="2019-05-15T12:22:04Z">
          <reporter-output>
          </reporter-output>
        </test-method> <!-- tearDown -->
      </class> <!-- com.vTiger.testCases.TestCase_002_DataDriven -->
    </test> <!-- vTigerTest -->
  </suite> <!-- vTiger -->
</testng-results>
