<?xml version="1.0" encoding="UTF-8"?>
<!-- Generated by org.testng.reporters.JUnitXMLReporter -->
<testsuite hostname="INF-L-861906" ignored="0" name="vTigerTest" tests="11" failures="2" timestamp="15 May 2019 12:23:13 GMT" time="120.33" errors="0">
  <testcase name="loginTest" time="2.994" classname="com.vTiger.testCases.TestCase_001"/>
  <testcase name="loginDDT" time="5.436" classname="com.vTiger.testCases.TestCase_002_DataDriven"/>
  <testcase name="loginDDT" time="11.463" classname="com.vTiger.testCases.TestCase_002_DataDriven">
    <failure type="java.lang.AssertionError" message="expected [true] but found [false]">
      <![CDATA[java.lang.AssertionError: expected [true] but found [false]
at com.vTiger.testCases.TestCase_002_DataDriven.loginDDT(TestCase_002_DataDriven.java:27)
... Removed 29 stack frames]]>
    </failure>
  </testcase> <!-- loginDDT -->
  <testcase name="loginDDT" time="4.727" classname="com.vTiger.testCases.TestCase_002_DataDriven"/>
  <testcase name="loginDDT" time="11.463" classname="com.vTiger.testCases.TestCase_002_DataDriven">
    <failure type="java.lang.AssertionError" message="expected [true] but found [false]">
      <![CDATA[java.lang.AssertionError: expected [true] but found [false]
at com.vTiger.testCases.TestCase_002_DataDriven.loginDDT(TestCase_002_DataDriven.java:27)
... Removed 29 stack frames]]>
    </failure>
  </testcase> <!-- loginDDT -->
  <testcase name="createCampaign" time="7.767" classname="com.vTiger.testCases.TC_001LoginNew"/>
  <testcase name="testMethod2" time="0.003" classname="com.vTiger.testCases.TC_001LoginNew"/>
  <testcase name="createCampaignDDT" time="11.013" classname="com.vTiger.testCases.TestCase_003_CreateCampaign"/>
  <testcase name="createCampaignDDT" time="9.882" classname="com.vTiger.testCases.TestCase_003_CreateCampaign"/>
  <testcase name="createCampaignDDT" time="9.762" classname="com.vTiger.testCases.TestCase_003_CreateCampaign"/>
  <testcase name="createCampaignDDT" time="9.557" classname="com.vTiger.testCases.TestCase_003_CreateCampaign"/>
</testsuite> <!-- vTigerTest -->
